<?xml version="1.0" encoding="UTF-8"?>
<testsuite xmlns:xsi="http://www.w3.org/2001/XMLSchema-instance" xsi:noNamespaceSchemaLocation="https://maven.apache.org/surefire/maven-surefire-plugin/xsd/surefire-test-report.xsd" name="CreateOrderTest" time="1.16" tests="4" errors="0" skipped="0" failures="0">
  <properties>
[...]
</properties>
  <testcase name="paramCreateOrderTest[0: Заказ с цветом: [GREY]]" classname="CreateOrderTest" time="0.3"/>
  <testcase name="paramCreateOrderTest[1: Заказ с цветом: [BLACK]]" classname="CreateOrderTest" time="0.285"/>
  <testcase name="paramCreateOrderTest[2: Заказ с цветом: [GREY, BLACK]]" classname="CreateOrderTest" time="0.308"/>
  <testcase name="paramCreateOrderTest[3: Заказ с цветом: []]" classname="CreateOrderTest" time="0.264"/>
</testsuite>